<?xml version="1.0" encoding="UTF-8"?>
<!-- Generated by org.testng.reporters.JUnitReportReporter -->
<testsuite hostname="DDC2-D-751R9B2" name="com.OpenGoogleSite" tests="1" failures="0" timestamp="14 May 2020 09:29:27 GMT" time="22.531" errors="0">
  <testcase name="OpenGoogletest" time="22.531" classname="com.OpenGoogleSite"/>
</testsuite> <!-- com.OpenGoogleSite -->
